<?xml version="1.0" encoding="UTF-8"?>
<!-- Generated by org.testng.reporters.JUnitReportReporter -->
<testsuite hostname="VishwanathYadav" failures="0" tests="1" name="zSampleTest_1.Test" time="0.014" errors="0" timestamp="2024-04-04T22:14:13 IST" skipped="0">
  <testcase classname="zSampleTest_1.Test" name="m1" time="0.014"/>
</testsuite> <!-- zSampleTest_1.Test -->
